
===================================
CRIMSON NEBULA LIVE DEMO
50 SATS | 10000 DEBRIS | KEP_BACK-PROP ENGINE
===================================

[1/3] Calculating Orbital Vectors & Assassin Trajectories...
      -> Injecting 150 High-Risk Intersecting Vectors...
      -> Filling remaining 9850 background debris...

[2/3] Uplinking Telemetry Payload to C++ Spatial Hash Engine...
✅ Telemetry Initialized in 1216.93 ms

===================================
IGNITING SIMULATION (1440 Steps @ 60s/step)
===================================
⏱️ Step 0000/1440 | 2026-03-29T04:27:12.000Z | Engine Latency: 256.9ms
⏱️ Step 0030/1440 | 2026-03-29T04:57:12.000Z | Engine Latency: 113.4ms

🚨 [DEFCON 1] T-60m | SAT-024 Locked on Assassin Debris!
   ↳ Firing Thrusters: PHASING_PROGRADE | Est. Fuel: 0.011 kg

🚨 [DEFCON 1] T-60m | SAT-029 Locked on Assassin Debris!
   ↳ Firing Thrusters: PHASING_PROGRADE | Est. Fuel: 0.011 kg
 🔥 [TELEMETRY] Main Engine Burn confirmed on 1 satellites in orbit.

🚨 [DEFCON 1] T-60m | SAT-017 Locked on Assassin Debris!
   ↳ Firing Thrusters: PHASING_PROGRADE | Est. Fuel: 0.011 kg
⏱️ Step 0060/1440 | 2026-03-29T05:27:12.000Z | Engine Latency: 89.8ms

🚨 [DEFCON 1] T-60m | SAT-035 Locked on Assassin Debris!
   ↳ Firing Thrusters: PHASING_PROGRADE | Est. Fuel: 0.011 kg

📡 [RADAR] Active Evasion Drifts Detected at 05:57:12Z:
   ↳ SAT-029 | Current:   0.13 km | Max Peak:   0.13 km | Status: 🟢 Recovering
⏱️ Step 0090/1440 | 2026-03-29T05:57:12.000Z | Engine Latency: 91.2ms

📡 [RADAR] Active Evasion Drifts Detected at 06:02:12Z:
   ↳ SAT-029 | Current:   0.15 km | Max Peak:   0.15 km | Status: 🟢 Recovering

📡 [RADAR] Active Evasion Drifts Detected at 06:07:12Z:
   ↳ SAT-029 | Current:   0.18 km | Max Peak:   0.18 km | Status: 🟢 Recovering

🚨 [DEFCON 1] T-60m | SAT-027 Locked on Assassin Debris!
   ↳ Firing Thrusters: PHASING_PROGRADE | Est. Fuel: 0.011 kg

🚨 [DEFCON 1] T-60m | SAT-014 Locked on Assassin Debris!
   ↳ Firing Thrusters: PHASING_PROGRADE | Est. Fuel: 0.011 kg

📡 [RADAR] Active Evasion Drifts Detected at 06:12:12Z:
   ↳ SAT-029 | Current:   0.21 km | Max Peak:   0.21 km | Status: 🟢 Recovering

📡 [RADAR] Active Evasion Drifts Detected at 06:17:12Z:
   ↳ SAT-029 | Current:   0.23 km | Max Peak:   0.23 km | Status: 🟢 Recovering

📡 [RADAR] Active Evasion Drifts Detected at 06:22:12Z:
   ↳ SAT-029 | Current:   0.24 km | Max Peak:   0.24 km | Status: 🟢 Recovering

📡 [RADAR] Active Evasion Drifts Detected at 06:27:12Z:
   ↳ SAT-029 | Current:   0.25 km | Max Peak:   0.25 km | Status: 🟢 Recovering
⏱️ Step 0120/1440 | 2026-03-29T06:27:12.000Z | Engine Latency: 95.4ms

📡 [RADAR] Active Evasion Drifts Detected at 06:32:12Z:
   ↳ SAT-029 | Current:   0.25 km | Max Peak:   0.25 km | Status: 🟢 Recovering

📡 [RADAR] Active Evasion Drifts Detected at 06:37:12Z:
   ↳ SAT-029 | Current:   0.25 km | Max Peak:   0.25 km | Status: 🟢 Recovering

📡 [RADAR] Active Evasion Drifts Detected at 06:42:12Z:
   ↳ SAT-029 | Current:   0.25 km | Max Peak:   0.25 km | Status: 🟢 Recovering

🚨 [DEFCON 1] T-60m | SAT-005 Locked on Assassin Debris!
   ↳ Firing Thrusters: PHASING_PROGRADE | Est. Fuel: 0.011 kg
 🔥 [TELEMETRY] Main Engine Burn confirmed on 1 satellites in orbit.

📡 [RADAR] Active Evasion Drifts Detected at 06:47:12Z:
   ↳ SAT-029 | Current:   0.25 km | Max Peak:   0.25 km | Status: 🟢 Recovering

📡 [RADAR] Active Evasion Drifts Detected at 06:52:12Z:
   ↳ SAT-029 | Current:   0.25 km | Max Peak:   0.25 km | Status: 🟢 Recovering

🚨 [DEFCON 1] T-60m | SAT-046 Locked on Assassin Debris!
   ↳ Firing Thrusters: PHASING_PROGRADE | Est. Fuel: 0.011 kg

📡 [RADAR] Active Evasion Drifts Detected at 06:57:12Z:
   ↳ SAT-029 | Current:   0.25 km | Max Peak:   0.25 km | Status: 🟢 Recovering
⏱️ Step 0150/1440 | 2026-03-29T06:57:12.000Z | Engine Latency: 102.2ms

🚨 [DEFCON 1] T-60m | SAT-049 Locked on Assassin Debris!
   ↳ Firing Thrusters: PHASING_PROGRADE | Est. Fuel: 0.011 kg
 🔥 [TELEMETRY] Main Engine Burn confirmed on 1 satellites in orbit.

📡 [RADAR] Active Evasion Drifts Detected at 07:02:12Z:
   ↳ SAT-029 | Current:   0.25 km | Max Peak:   0.25 km | Status: 🟢 Recovering

🚨 [DEFCON 1] T-60m | SAT-015 Locked on Assassin Debris!
   ↳ Firing Thrusters: PHASING_PROGRADE | Est. Fuel: 0.011 kg

🚨 [DEFCON 1] T-60m | SAT-045 Locked on Assassin Debris!
   ↳ Firing Thrusters: PHASING_PROGRADE | Est. Fuel: 0.011 kg

📡 [RADAR] Active Evasion Drifts Detected at 07:07:12Z:
   ↳ SAT-029 | Current:   0.24 km | Max Peak:   0.25 km | Status: 🟢 Recovering

📡 [RADAR] Active Evasion Drifts Detected at 07:12:12Z:
   ↳ SAT-029 | Current:   0.23 km | Max Peak:   0.25 km | Status: 🟢 Recovering

🚨 [DEFCON 1] T-60m | SAT-038 Locked on Assassin Debris!
   ↳ Firing Thrusters: PHASING_PROGRADE | Est. Fuel: 0.011 kg

📡 [RADAR] Active Evasion Drifts Detected at 07:17:12Z:
   ↳ SAT-029 | Current:   0.21 km | Max Peak:   0.25 km | Status: 🟢 Recovering

📡 [RADAR] Active Evasion Drifts Detected at 07:22:12Z:
   ↳ SAT-029 | Current:   0.18 km | Max Peak:   0.25 km | Status: 🟢 Recovering

📡 [RADAR] Active Evasion Drifts Detected at 07:27:12Z:
   ↳ SAT-029 | Current:   0.15 km | Max Peak:   0.25 km | Status: 🟢 Recovering
⏱️ Step 0180/1440 | 2026-03-29T07:27:12.000Z | Engine Latency: 68.9ms

🚨 [DEFCON 1] T-60m | SAT-000 Locked on Assassin Debris!
   ↳ Firing Thrusters: PHASING_PROGRADE | Est. Fuel: 0.011 kg

📡 [RADAR] Active Evasion Drifts Detected at 07:32:12Z:
   ↳ SAT-029 | Current:   0.13 km | Max Peak:   0.25 km | Status: 🟢 Recovering

🚨 [DEFCON 1] T-60m | SAT-044 Locked on Assassin Debris!
   ↳ Firing Thrusters: PHASING_PROGRADE | Est. Fuel: 0.011 kg

📡 [RADAR] Active Evasion Drifts Detected at 07:42:12Z:
   ↳ SAT-049 | Current:   0.11 km | Max Peak:   0.11 km | Status: 🟢 Recovering

📡 [RADAR] Active Evasion Drifts Detected at 07:47:12Z:
   ↳ SAT-049 | Current:   0.14 km | Max Peak:   0.14 km | Status: 🟢 Recovering

📡 [RADAR] Active Evasion Drifts Detected at 07:52:12Z:
   ↳ SAT-049 | Current:   0.16 km | Max Peak:   0.16 km | Status: 🟢 Recovering

📡 [RADAR] Active Evasion Drifts Detected at 07:57:12Z:
   ↳ SAT-049 | Current:   0.19 km | Max Peak:   0.19 km | Status: 🟢 Recovering
⏱️ Step 0210/1440 | 2026-03-29T07:57:12.000Z | Engine Latency: 80.3ms

📡 [RADAR] Active Evasion Drifts Detected at 08:02:12Z:
   ↳ SAT-049 | Current:   0.21 km | Max Peak:   0.21 km | Status: 🟢 Recovering

📡 [RADAR] Active Evasion Drifts Detected at 08:07:12Z:
   ↳ SAT-049 | Current:   0.23 km | Max Peak:   0.23 km | Status: 🟢 Recovering

📡 [RADAR] Active Evasion Drifts Detected at 08:12:12Z:
   ↳ SAT-049 | Current:   0.24 km | Max Peak:   0.24 km | Status: 🟢 Recovering

🚨 [DEFCON 1] T-60m | SAT-006 Locked on Assassin Debris!
   ↳ Firing Thrusters: PHASING_PROGRADE | Est. Fuel: 0.011 kg

📡 [RADAR] Active Evasion Drifts Detected at 08:17:12Z:
   ↳ SAT-049 | Current:   0.25 km | Max Peak:   0.25 km | Status: 🟢 Recovering

🚨 [DEFCON 1] T-60m | SAT-001 Locked on Assassin Debris!
   ↳ Firing Thrusters: PHASING_PROGRADE | Est. Fuel: 0.011 kg
 🔥 [TELEMETRY] Main Engine Burn confirmed on 1 satellites in orbit.

📡 [RADAR] Active Evasion Drifts Detected at 08:22:12Z:
   ↳ SAT-049 | Current:   0.25 km | Max Peak:   0.25 km | Status: 🟢 Recovering

🚨 [DEFCON 1] T-60m | SAT-024 Locked on Assassin Debris!
   ↳ Firing Thrusters: PHASING_PROGRADE | Est. Fuel: 0.011 kg

📡 [RADAR] Active Evasion Drifts Detected at 08:27:12Z:
   ↳ SAT-049 | Current:   0.25 km | Max Peak:   0.25 km | Status: 🟢 Recovering
⏱️ Step 0240/1440 | 2026-03-29T08:27:12.000Z | Engine Latency: 111.7ms

🚨 [DEFCON 1] T-60m | SAT-043 Locked on Assassin Debris!
   ↳ Firing Thrusters: PHASING_PROGRADE | Est. Fuel: 0.011 kg

📡 [RADAR] Active Evasion Drifts Detected at 08:32:12Z:
   ↳ SAT-049 | Current:   0.25 km | Max Peak:   0.25 km | Status: 🟢 Recovering
 🔥 [TELEMETRY] Main Engine Burn confirmed on 1 satellites in orbit.

🚨 [DEFCON 1] T-60m | SAT-008 Locked on Assassin Debris!
   ↳ Firing Thrusters: PHASING_PROGRADE | Est. Fuel: 0.011 kg
 🔥 [TELEMETRY] Main Engine Burn confirmed on 1 satellites in orbit.

📡 [RADAR] Active Evasion Drifts Detected at 08:37:12Z:
   ↳ SAT-049 | Current:   0.25 km | Max Peak:   0.25 km | Status: 🟢 Recovering

📡 [RADAR] Active Evasion Drifts Detected at 08:42:12Z:
   ↳ SAT-049 | Current:   0.25 km | Max Peak:   0.25 km | Status: 🟢 Recovering

🚨 [DEFCON 1] T-60m | SAT-032 Locked on Assassin Debris!
   ↳ Firing Thrusters: PHASING_PROGRADE | Est. Fuel: 0.011 kg

📡 [RADAR] Active Evasion Drifts Detected at 08:47:12Z:
   ↳ SAT-049 | Current:   0.25 km | Max Peak:   0.25 km | Status: 🟢 Recovering

📡 [RADAR] Active Evasion Drifts Detected at 08:52:12Z:
   ↳ SAT-049 | Current:   0.25 km | Max Peak:   0.25 km | Status: 🟢 Recovering

🚨 [DEFCON 1] T-60m | SAT-040 Locked on Assassin Debris!
   ↳ Firing Thrusters: PHASING_PROGRADE | Est. Fuel: 0.011 kg

📡 [RADAR] Active Evasion Drifts Detected at 08:57:12Z:
   ↳ SAT-049 | Current:   0.24 km | Max Peak:   0.25 km | Status: 🟢 Recovering
⏱️ Step 0270/1440 | 2026-03-29T08:57:12.000Z | Engine Latency: 105.6ms

📡 [RADAR] Active Evasion Drifts Detected at 09:02:12Z:
   ↳ SAT-049 | Current:   0.22 km | Max Peak:   0.25 km | Status: 🟢 Recovering

📡 [RADAR] Active Evasion Drifts Detected at 09:07:12Z:
   ↳ SAT-049 | Current:   0.20 km | Max Peak:   0.25 km | Status: 🟢 Recovering

📡 [RADAR] Active Evasion Drifts Detected at 09:12:12Z:
   ↳ SAT-049 | Current:   0.18 km | Max Peak:   0.25 km | Status: 🟢 Recovering

🚨 [DEFCON 1] T-60m | SAT-028 Locked on Assassin Debris!
   ↳ Firing Thrusters: PHASING_PROGRADE | Est. Fuel: 0.011 kg

📡 [RADAR] Active Evasion Drifts Detected at 09:17:12Z:
   ↳ SAT-008 | Current:   0.11 km | Max Peak:   0.11 km | Status: 🟢 Recovering
   ↳ SAT-049 | Current:   0.15 km | Max Peak:   0.25 km | Status: 🟢 Recovering

🚨 [DEFCON 1] T-60m | SAT-034 Locked on Assassin Debris!
   ↳ Firing Thrusters: PHASING_PROGRADE | Est. Fuel: 0.011 kg

📡 [RADAR] Active Evasion Drifts Detected at 09:22:12Z:
   ↳ SAT-008 | Current:   0.14 km | Max Peak:   0.14 km | Status: 🟢 Recovering
   ↳ SAT-049 | Current:   0.12 km | Max Peak:   0.25 km | Status: 🟢 Recovering

📡 [RADAR] Active Evasion Drifts Detected at 09:27:12Z:
   ↳ SAT-008 | Current:   0.17 km | Max Peak:   0.17 km | Status: 🟢 Recovering
⏱️ Step 0300/1440 | 2026-03-29T09:27:12.000Z | Engine Latency: 260.9ms

📡 [RADAR] Active Evasion Drifts Detected at 09:32:12Z:
   ↳ SAT-008 | Current:   0.19 km | Max Peak:   0.19 km | Status: 🟢 Recovering

📡 [RADAR] Active Evasion Drifts Detected at 09:37:12Z:
   ↳ SAT-008 | Current:   0.21 km | Max Peak:   0.21 km | Status: 🟢 Recovering

📡 [RADAR] Active Evasion Drifts Detected at 09:42:12Z:
   ↳ SAT-008 | Current:   0.23 km | Max Peak:   0.23 km | Status: 🟢 Recovering

📡 [RADAR] Active Evasion Drifts Detected at 09:47:12Z:
   ↳ SAT-008 | Current:   0.24 km | Max Peak:   0.24 km | Status: 🟢 Recovering

🚨 [DEFCON 1] T-60m | SAT-014 Locked on Assassin Debris!
   ↳ Firing Thrusters: PHASING_PROGRADE | Est. Fuel: 0.011 kg

📡 [RADAR] Active Evasion Drifts Detected at 09:52:12Z:
   ↳ SAT-008 | Current:   0.25 km | Max Peak:   0.25 km | Status: 🟢 Recovering

📡 [RADAR] Active Evasion Drifts Detected at 09:57:12Z:
   ↳ SAT-008 | Current:   0.25 km | Max Peak:   0.25 km | Status: 🟢 Recovering
⏱️ Step 0330/1440 | 2026-03-29T09:57:12.000Z | Engine Latency: 183.9ms

📡 [RADAR] Active Evasion Drifts Detected at 10:02:12Z:
   ↳ SAT-008 | Current:   0.25 km | Max Peak:   0.25 km | Status: 🟢 Recovering
 🔥 [TELEMETRY] Main Engine Burn confirmed on 1 satellites in orbit.

📡 [RADAR] Active Evasion Drifts Detected at 10:07:12Z:
   ↳ SAT-008 | Current:   0.25 km | Max Peak:   0.25 km | Status: 🟢 Recovering
 🔥 [TELEMETRY] Main Engine Burn confirmed on 1 satellites in orbit.

📡 [RADAR] Active Evasion Drifts Detected at 10:12:12Z:
   ↳ SAT-008 | Current:   0.25 km | Max Peak:   0.25 km | Status: 🟢 Recovering

📡 [RADAR] Active Evasion Drifts Detected at 10:17:12Z:
   ↳ SAT-008 | Current:   0.25 km | Max Peak:   0.25 km | Status: 🟢 Recovering

🚨 [DEFCON 1] T-60m | SAT-007 Locked on Assassin Debris!
   ↳ Firing Thrusters: PHASING_PROGRADE | Est. Fuel: 0.011 kg

📡 [RADAR] Active Evasion Drifts Detected at 10:22:12Z:
   ↳ SAT-008 | Current:   0.25 km | Max Peak:   0.25 km | Status: 🟢 Recovering

📡 [RADAR] Active Evasion Drifts Detected at 10:27:12Z:
   ↳ SAT-008 | Current:   0.25 km | Max Peak:   0.25 km | Status: 🟢 Recovering
⏱️ Step 0360/1440 | 2026-03-29T10:27:12.000Z | Engine Latency: 70.2ms

🚨 [DEFCON 1] T-60m | SAT-027 Locked on Assassin Debris!
   ↳ Firing Thrusters: PHASING_PROGRADE | Est. Fuel: 0.011 kg

📡 [RADAR] Active Evasion Drifts Detected at 10:32:12Z:
   ↳ SAT-008 | Current:   0.23 km | Max Peak:   0.25 km | Status: 🟢 Recovering

🚨 [DEFCON 1] T-60m | SAT-048 Locked on Assassin Debris!
   ↳ Firing Thrusters: PHASING_PROGRADE | Est. Fuel: 0.011 kg

📡 [RADAR] Active Evasion Drifts Detected at 10:37:12Z:
   ↳ SAT-008 | Current:   0.22 km | Max Peak:   0.25 km | Status: 🟢 Recovering

📡 [RADAR] Active Evasion Drifts Detected at 10:42:12Z:
   ↳ SAT-008 | Current:   0.20 km | Max Peak:   0.25 km | Status: 🟢 Recovering

🚨 [DEFCON 1] T-60m | SAT-003 Locked on Assassin Debris!
   ↳ Firing Thrusters: PHASING_PROGRADE | Est. Fuel: 0.011 kg

🚨 [DEFCON 1] T-60m | SAT-035 Locked on Assassin Debris!
   ↳ Firing Thrusters: PHASING_PROGRADE | Est. Fuel: 0.011 kg

📡 [RADAR] Active Evasion Drifts Detected at 10:47:12Z:
   ↳ SAT-008 | Current:   0.17 km | Max Peak:   0.25 km | Status: 🟢 Recovering

📡 [RADAR] Active Evasion Drifts Detected at 10:52:12Z:
   ↳ SAT-008 | Current:   0.14 km | Max Peak:   0.25 km | Status: 🟢 Recovering

🚨 [DEFCON 1] T-60m | SAT-038 Locked on Assassin Debris!
   ↳ Firing Thrusters: PHASING_PROGRADE | Est. Fuel: 0.011 kg

📡 [RADAR] Active Evasion Drifts Detected at 10:57:12Z:
   ↳ SAT-008 | Current:   0.11 km | Max Peak:   0.25 km | Status: 🟢 Recovering
⏱️ Step 0390/1440 | 2026-03-29T10:57:12.000Z | Engine Latency: 165.0ms
⏱️ Step 0420/1440 | 2026-03-29T11:27:12.000Z | Engine Latency: 142.7ms

🚨 [DEFCON 1] T-60m | SAT-026 Locked on Assassin Debris!
   ↳ Firing Thrusters: PHASING_PROGRADE | Est. Fuel: 0.011 kg

🚨 [DEFCON 1] T-60m | SAT-012 Locked on Assassin Debris!
   ↳ Firing Thrusters: PHASING_PROGRADE | Est. Fuel: 0.011 kg

🚨 [DEFCON 1] T-60m | SAT-036 Locked on Assassin Debris!
   ↳ Firing Thrusters: PHASING_PROGRADE | Est. Fuel: 0.011 kg
 🔥 [TELEMETRY] Main Engine Burn confirmed on 1 satellites in orbit.
⏱️ Step 0450/1440 | 2026-03-29T11:57:12.000Z | Engine Latency: 148.7ms

🚨 [DEFCON 1] T-60m | SAT-022 Locked on Assassin Debris!
   ↳ Firing Thrusters: PHASING_PROGRADE | Est. Fuel: 0.011 kg

🚨 [DEFCON 1] T-60m | SAT-009 Locked on Assassin Debris!
   ↳ Firing Thrusters: PHASING_PROGRADE | Est. Fuel: 0.011 kg
⏱️ Step 0480/1440 | 2026-03-29T12:27:12.000Z | Engine Latency: 66.0ms

🚨 [DEFCON 1] T-60m | SAT-037 Locked on Assassin Debris!
   ↳ Firing Thrusters: PHASING_PROGRADE | Est. Fuel: 0.011 kg

🚨 [DEFCON 1] T-60m | SAT-015 Locked on Assassin Debris!
   ↳ Firing Thrusters: PHASING_PROGRADE | Est. Fuel: 0.011 kg

🚨 [DEFCON 1] T-60m | SAT-002 Locked on Assassin Debris!
   ↳ Firing Thrusters: PHASING_PROGRADE | Est. Fuel: 0.011 kg
⏱️ Step 0510/1440 | 2026-03-29T12:57:12.000Z | Engine Latency: 129.6ms

🚨 [DEFCON 1] T-60m | SAT-013 Locked on Assassin Debris!
   ↳ Firing Thrusters: PHASING_PROGRADE | Est. Fuel: 0.011 kg

🚨 [DEFCON 1] T-60m | SAT-005 Locked on Assassin Debris!
   ↳ Firing Thrusters: PHASING_PROGRADE | Est. Fuel: 0.011 kg
⏱️ Step 0540/1440 | 2026-03-29T13:27:12.000Z | Engine Latency: 132.8ms

🚨 [DEFCON 1] T-60m | SAT-034 Locked on Assassin Debris!
   ↳ Firing Thrusters: PHASING_PROGRADE | Est. Fuel: 0.011 kg

🚨 [DEFCON 1] T-60m | SAT-008 Locked on Assassin Debris!
   ↳ Firing Thrusters: PHASING_PROGRADE | Est. Fuel: 0.011 kg

🚨 [DEFCON 1] T-60m | SAT-006 Locked on Assassin Debris!
   ↳ Firing Thrusters: PHASING_PROGRADE | Est. Fuel: 0.011 kg

🚨 [DEFCON 1] T-60m | SAT-029 Locked on Assassin Debris!
   ↳ Firing Thrusters: PHASING_PROGRADE | Est. Fuel: 0.011 kg

🚨 [DEFCON 1] T-60m | SAT-033 Locked on Assassin Debris!
   ↳ Firing Thrusters: PHASING_PROGRADE | Est. Fuel: 0.011 kg
⏱️ Step 0570/1440 | 2026-03-29T13:57:12.000Z | Engine Latency: 115.5ms

🚨 [DEFCON 1] T-60m | SAT-046 Locked on Assassin Debris!
   ↳ Firing Thrusters: PHASING_PROGRADE | Est. Fuel: 0.011 kg

🚨 [DEFCON 1] T-60m | SAT-038 Locked on Assassin Debris!
   ↳ Firing Thrusters: PHASING_PROGRADE | Est. Fuel: 0.011 kg

🚨 [DEFCON 1] T-60m | SAT-042 Locked on Assassin Debris!
   ↳ Firing Thrusters: PHASING_PROGRADE | Est. Fuel: 0.011 kg

🚨 [DEFCON 1] T-60m | SAT-048 Locked on Assassin Debris!
   ↳ Firing Thrusters: PHASING_PROGRADE | Est. Fuel: 0.011 kg

🚨 [DEFCON 1] T-60m | SAT-024 Locked on Assassin Debris!
   ↳ Firing Thrusters: PHASING_PROGRADE | Est. Fuel: 0.011 kg
⏱️ Step 0600/1440 | 2026-03-29T14:27:12.000Z | Engine Latency: 124.3ms

🚨 [DEFCON 1] T-60m | SAT-001 Locked on Assassin Debris!
   ↳ Firing Thrusters: PHASING_PROGRADE | Est. Fuel: 0.011 kg

🚨 [DEFCON 1] T-60m | SAT-021 Locked on Assassin Debris!
   ↳ Firing Thrusters: PHASING_PROGRADE | Est. Fuel: 0.011 kg

🚨 [DEFCON 1] T-60m | SAT-011 Locked on Assassin Debris!
   ↳ Firing Thrusters: PHASING_PROGRADE | Est. Fuel: 0.011 kg
⏱️ Step 0630/1440 | 2026-03-29T14:57:12.000Z | Engine Latency: 121.0ms

🚨 [DEFCON 1] T-60m | SAT-049 Locked on Assassin Debris!
   ↳ Firing Thrusters: PHASING_PROGRADE | Est. Fuel: 0.011 kg

🚨 [DEFCON 1] T-60m | SAT-035 Locked on Assassin Debris!
   ↳ Firing Thrusters: PHASING_PROGRADE | Est. Fuel: 0.011 kg

🚨 [DEFCON 1] T-60m | SAT-007 Locked on Assassin Debris!
   ↳ Firing Thrusters: PHASING_PROGRADE | Est. Fuel: 0.011 kg
 🔥 [TELEMETRY] Main Engine Burn confirmed on 1 satellites in orbit.

🚨 [DEFCON 1] T-60m | SAT-040 Locked on Assassin Debris!
   ↳ Firing Thrusters: PHASING_PROGRADE | Est. Fuel: 0.011 kg
⏱️ Step 0660/1440 | 2026-03-29T15:27:12.000Z | Engine Latency: 44.1ms

🚨 [DEFCON 1] T-60m | SAT-023 Locked on Assassin Debris!
   ↳ Firing Thrusters: PHASING_PROGRADE | Est. Fuel: 0.011 kg

🚨 [DEFCON 1] T-60m | SAT-045 Locked on Assassin Debris!
   ↳ Firing Thrusters: PHASING_PROGRADE | Est. Fuel: 0.011 kg

📡 [RADAR] Active Evasion Drifts Detected at 15:52:12Z:
   ↳ SAT-007 | Current:   0.13 km | Max Peak:   0.13 km | Status: 🟢 Recovering

📡 [RADAR] Active Evasion Drifts Detected at 15:57:12Z:
   ↳ SAT-007 | Current:   0.15 km | Max Peak:   0.15 km | Status: 🟢 Recovering
⏱️ Step 0690/1440 | 2026-03-29T15:57:12.000Z | Engine Latency: 59.9ms

📡 [RADAR] Active Evasion Drifts Detected at 16:02:12Z:
   ↳ SAT-007 | Current:   0.18 km | Max Peak:   0.18 km | Status: 🟢 Recovering

📡 [RADAR] Active Evasion Drifts Detected at 16:07:12Z:
   ↳ SAT-007 | Current:   0.20 km | Max Peak:   0.20 km | Status: 🟢 Recovering

🚨 [DEFCON 1] T-60m | SAT-014 Locked on Assassin Debris!
   ↳ Firing Thrusters: PHASING_PROGRADE | Est. Fuel: 0.011 kg

📡 [RADAR] Active Evasion Drifts Detected at 16:12:12Z:
   ↳ SAT-007 | Current:   0.22 km | Max Peak:   0.22 km | Status: 🟢 Recovering

📡 [RADAR] Active Evasion Drifts Detected at 16:17:12Z:
   ↳ SAT-007 | Current:   0.24 km | Max Peak:   0.24 km | Status: 🟢 Recovering

📡 [RADAR] Active Evasion Drifts Detected at 16:22:12Z:
   ↳ SAT-007 | Current:   0.25 km | Max Peak:   0.25 km | Status: 🟢 Recovering

🚨 [DEFCON 1] T-60m | SAT-002 Locked on Assassin Debris!
   ↳ Firing Thrusters: PHASING_PROGRADE | Est. Fuel: 0.011 kg

📡 [RADAR] Active Evasion Drifts Detected at 16:27:12Z:
   ↳ SAT-007 | Current:   0.25 km | Max Peak:   0.25 km | Status: 🟢 Recovering
⏱️ Step 0720/1440 | 2026-03-29T16:27:12.000Z | Engine Latency: 48.8ms

📡 [RADAR] Active Evasion Drifts Detected at 16:32:12Z:
   ↳ SAT-007 | Current:   0.25 km | Max Peak:   0.25 km | Status: 🟢 Recovering

📡 [RADAR] Active Evasion Drifts Detected at 16:37:12Z:
   ↳ SAT-007 | Current:   0.25 km | Max Peak:   0.25 km | Status: 🟢 Recovering

🚨 [DEFCON 1] T-60m | SAT-004 Locked on Assassin Debris!
   ↳ Firing Thrusters: PHASING_PROGRADE | Est. Fuel: 0.011 kg
 🔥 [TELEMETRY] Main Engine Burn confirmed on 1 satellites in orbit.
 🔥 [TELEMETRY] Main Engine Burn confirmed on 1 satellites in orbit.

📡 [RADAR] Active Evasion Drifts Detected at 16:42:12Z:
   ↳ SAT-007 | Current:   0.25 km | Max Peak:   0.25 km | Status: 🟢 Recovering

📡 [RADAR] Active Evasion Drifts Detected at 16:47:12Z:
   ↳ SAT-007 | Current:   0.25 km | Max Peak:   0.25 km | Status: 🟢 Recovering

🚨 [DEFCON 1] T-60m | SAT-022 Locked on Assassin Debris!
   ↳ Firing Thrusters: PHASING_PROGRADE | Est. Fuel: 0.011 kg

📡 [RADAR] Active Evasion Drifts Detected at 16:52:12Z:
   ↳ SAT-007 | Current:   0.25 km | Max Peak:   0.25 km | Status: 🟢 Recovering

📡 [RADAR] Active Evasion Drifts Detected at 16:57:12Z:
   ↳ SAT-007 | Current:   0.25 km | Max Peak:   0.25 km | Status: 🟢 Recovering
⏱️ Step 0750/1440 | 2026-03-29T16:57:12.000Z | Engine Latency: 71.1ms

📡 [RADAR] Active Evasion Drifts Detected at 17:02:12Z:
   ↳ SAT-007 | Current:   0.24 km | Max Peak:   0.25 km | Status: 🟢 Recovering

📡 [RADAR] Active Evasion Drifts Detected at 17:07:12Z:
   ↳ SAT-007 | Current:   0.23 km | Max Peak:   0.25 km | Status: 🟢 Recovering

📡 [RADAR] Active Evasion Drifts Detected at 17:12:12Z:
   ↳ SAT-007 | Current:   0.21 km | Max Peak:   0.25 km | Status: 🟢 Recovering

📡 [RADAR] Active Evasion Drifts Detected at 17:17:12Z:
   ↳ SAT-007 | Current:   0.18 km | Max Peak:   0.25 km | Status: 🟢 Recovering

📡 [RADAR] Active Evasion Drifts Detected at 17:22:12Z:
   ↳ SAT-004 | Current:   0.12 km | Max Peak:   0.12 km | Status: 🟢 Recovering
   ↳ SAT-007 | Current:   0.15 km | Max Peak:   0.25 km | Status: 🟢 Recovering

📡 [RADAR] Active Evasion Drifts Detected at 17:27:12Z:
   ↳ SAT-004 | Current:   0.15 km | Max Peak:   0.15 km | Status: 🟢 Recovering
   ↳ SAT-007 | Current:   0.13 km | Max Peak:   0.25 km | Status: 🟢 Recovering
⏱️ Step 0780/1440 | 2026-03-29T17:27:12.000Z | Engine Latency: 92.7ms

🚨 [DEFCON 1] T-60m | SAT-025 Locked on Assassin Debris!
   ↳ Firing Thrusters: PHASING_PROGRADE | Est. Fuel: 0.011 kg

📡 [RADAR] Active Evasion Drifts Detected at 17:32:12Z:
   ↳ SAT-004 | Current:   0.18 km | Max Peak:   0.18 km | Status: 🟢 Recovering

📡 [RADAR] Active Evasion Drifts Detected at 17:37:12Z:
   ↳ SAT-004 | Current:   0.20 km | Max Peak:   0.20 km | Status: 🟢 Recovering

📡 [RADAR] Active Evasion Drifts Detected at 17:42:12Z:
   ↳ SAT-004 | Current:   0.22 km | Max Peak:   0.22 km | Status: 🟢 Recovering

🚨 [DEFCON 1] T-60m | SAT-010 Locked on Assassin Debris!
   ↳ Firing Thrusters: PHASING_PROGRADE | Est. Fuel: 0.011 kg

📡 [RADAR] Active Evasion Drifts Detected at 17:47:12Z:
   ↳ SAT-004 | Current:   0.24 km | Max Peak:   0.24 km | Status: 🟢 Recovering

🚨 [DEFCON 1] T-60m | SAT-009 Locked on Assassin Debris!
   ↳ Firing Thrusters: PHASING_PROGRADE | Est. Fuel: 0.011 kg

📡 [RADAR] Active Evasion Drifts Detected at 17:52:12Z:
   ↳ SAT-004 | Current:   0.25 km | Max Peak:   0.25 km | Status: 🟢 Recovering

📡 [RADAR] Active Evasion Drifts Detected at 17:57:12Z:
   ↳ SAT-004 | Current:   0.25 km | Max Peak:   0.25 km | Status: 🟢 Recovering
⏱️ Step 0810/1440 | 2026-03-29T17:57:12.000Z | Engine Latency: 151.6ms

📡 [RADAR] Active Evasion Drifts Detected at 18:02:12Z:
   ↳ SAT-004 | Current:   0.25 km | Max Peak:   0.25 km | Status: 🟢 Recovering

🚨 [DEFCON 1] T-60m | SAT-006 Locked on Assassin Debris!
   ↳ Firing Thrusters: PHASING_PROGRADE | Est. Fuel: 0.011 kg

📡 [RADAR] Active Evasion Drifts Detected at 18:07:12Z:
   ↳ SAT-004 | Current:   0.25 km | Max Peak:   0.25 km | Status: 🟢 Recovering

🚨 [DEFCON 1] T-60m | SAT-024 Locked on Assassin Debris!
   ↳ Firing Thrusters: PHASING_PROGRADE | Est. Fuel: 0.011 kg
 🔥 [TELEMETRY] Main Engine Burn confirmed on 1 satellites in orbit.

📡 [RADAR] Active Evasion Drifts Detected at 18:12:12Z:
   ↳ SAT-004 | Current:   0.25 km | Max Peak:   0.25 km | Status: 🟢 Recovering
 🔥 [TELEMETRY] Main Engine Burn confirmed on 1 satellites in orbit.

📡 [RADAR] Active Evasion Drifts Detected at 18:17:12Z:
   ↳ SAT-004 | Current:   0.25 km | Max Peak:   0.25 km | Status: 🟢 Recovering

📡 [RADAR] Active Evasion Drifts Detected at 18:22:12Z:
   ↳ SAT-004 | Current:   0.25 km | Max Peak:   0.25 km | Status: 🟢 Recovering

📡 [RADAR] Active Evasion Drifts Detected at 18:27:12Z:
   ↳ SAT-004 | Current:   0.25 km | Max Peak:   0.25 km | Status: 🟢 Recovering
⏱️ Step 0840/1440 | 2026-03-29T18:27:12.000Z | Engine Latency: 71.0ms

📡 [RADAR] Active Evasion Drifts Detected at 18:32:12Z:
   ↳ SAT-004 | Current:   0.24 km | Max Peak:   0.25 km | Status: 🟢 Recovering

📡 [RADAR] Active Evasion Drifts Detected at 18:37:12Z:
   ↳ SAT-004 | Current:   0.23 km | Max Peak:   0.25 km | Status: 🟢 Recovering

📡 [RADAR] Active Evasion Drifts Detected at 18:42:12Z:
   ↳ SAT-004 | Current:   0.21 km | Max Peak:   0.25 km | Status: 🟢 Recovering

📡 [RADAR] Active Evasion Drifts Detected at 18:47:12Z:
   ↳ SAT-004 | Current:   0.19 km | Max Peak:   0.25 km | Status: 🟢 Recovering

🚨 [DEFCON 1] T-60m | SAT-020 Locked on Assassin Debris!
   ↳ Firing Thrusters: PHASING_PROGRADE | Est. Fuel: 0.011 kg

🚨 [DEFCON 1] T-60m | SAT-013 Locked on Assassin Debris!
   ↳ Firing Thrusters: PHASING_PROGRADE | Est. Fuel: 0.011 kg

🚨 [DEFCON 1] T-60m | SAT-003 Locked on Assassin Debris!
   ↳ Firing Thrusters: PHASING_PROGRADE | Est. Fuel: 0.011 kg

📡 [RADAR] Active Evasion Drifts Detected at 18:52:12Z:
   ↳ SAT-004 | Current:   0.16 km | Max Peak:   0.25 km | Status: 🟢 Recovering

📡 [RADAR] Active Evasion Drifts Detected at 18:57:12Z:
   ↳ SAT-004 | Current:   0.13 km | Max Peak:   0.25 km | Status: 🟢 Recovering
⏱️ Step 0870/1440 | 2026-03-29T18:57:12.000Z | Engine Latency: 82.7ms

📡 [RADAR] Active Evasion Drifts Detected at 19:02:12Z:
   ↳ SAT-004 | Current:   0.10 km | Max Peak:   0.25 km | Status: 🟢 Recovering
⏱️ Step 0900/1440 | 2026-03-29T19:27:12.000Z | Engine Latency: 94.6ms

🚨 [DEFCON 1] T-60m | SAT-043 Locked on Assassin Debris!
   ↳ Firing Thrusters: PHASING_PROGRADE | Est. Fuel: 0.011 kg

🚨 [DEFCON 1] T-60m | SAT-008 Locked on Assassin Debris!
   ↳ Firing Thrusters: PHASING_PROGRADE | Est. Fuel: 0.011 kg

🚨 [DEFCON 1] T-60m | SAT-044 Locked on Assassin Debris!
   ↳ Firing Thrusters: PHASING_PROGRADE | Est. Fuel: 0.011 kg

🚨 [DEFCON 1] T-60m | SAT-038 Locked on Assassin Debris!
   ↳ Firing Thrusters: PHASING_PROGRADE | Est. Fuel: 0.011 kg
 🔥 [TELEMETRY] Main Engine Burn confirmed on 1 satellites in orbit.

🚨 [DEFCON 1] T-60m | SAT-042 Locked on Assassin Debris!
   ↳ Firing Thrusters: PHASING_PROGRADE | Est. Fuel: 0.011 kg
⏱️ Step 0930/1440 | 2026-03-29T19:57:12.000Z | Engine Latency: 81.8ms

🚨 [DEFCON 1] T-60m | SAT-004 Locked on Assassin Debris!
   ↳ Firing Thrusters: PHASING_PROGRADE | Est. Fuel: 0.011 kg

🚨 [DEFCON 1] T-60m | SAT-034 Locked on Assassin Debris!
   ↳ Firing Thrusters: PHASING_PROGRADE | Est. Fuel: 0.011 kg
⏱️ Step 0960/1440 | 2026-03-29T20:27:12.000Z | Engine Latency: 102.4ms

🚨 [DEFCON 1] T-60m | SAT-017 Locked on Assassin Debris!
   ↳ Firing Thrusters: PHASING_PROGRADE | Est. Fuel: 0.011 kg

🚨 [DEFCON 1] T-60m | SAT-025 Locked on Assassin Debris!
   ↳ Firing Thrusters: PHASING_PROGRADE | Est. Fuel: 0.011 kg

🚨 [DEFCON 1] T-60m | SAT-002 Locked on Assassin Debris!
   ↳ Firing Thrusters: PHASING_PROGRADE | Est. Fuel: 0.011 kg

🚨 [DEFCON 1] T-60m | SAT-010 Locked on Assassin Debris!
   ↳ Firing Thrusters: PHASING_PROGRADE | Est. Fuel: 0.011 kg
⏱️ Step 0990/1440 | 2026-03-29T20:57:12.000Z | Engine Latency: 128.2ms

🚨 [DEFCON 1] T-60m | SAT-026 Locked on Assassin Debris!
   ↳ Firing Thrusters: PHASING_PROGRADE | Est. Fuel: 0.011 kg

🚨 [DEFCON 1] T-60m | SAT-036 Locked on Assassin Debris!
   ↳ Firing Thrusters: PHASING_PROGRADE | Est. Fuel: 0.011 kg

🚨 [DEFCON 1] T-60m | SAT-015 Locked on Assassin Debris!
   ↳ Firing Thrusters: PHASING_PROGRADE | Est. Fuel: 0.011 kg
⏱️ Step 1020/1440 | 2026-03-29T21:27:12.000Z | Engine Latency: 128.0ms

🚨 [DEFCON 1] T-60m | SAT-031 Locked on Assassin Debris!
   ↳ Firing Thrusters: PHASING_PROGRADE | Est. Fuel: 0.011 kg

🚨 [DEFCON 1] T-60m | SAT-046 Locked on Assassin Debris!
   ↳ Firing Thrusters: PHASING_PROGRADE | Est. Fuel: 0.011 kg

🚨 [DEFCON 1] T-60m | SAT-032 Locked on Assassin Debris!
   ↳ Firing Thrusters: PHASING_PROGRADE | Est. Fuel: 0.011 kg
⏱️ Step 1050/1440 | 2026-03-29T21:57:12.000Z | Engine Latency: 124.4ms

🚨 [DEFCON 1] T-60m | SAT-013 Locked on Assassin Debris!
   ↳ Firing Thrusters: PHASING_PROGRADE | Est. Fuel: 0.011 kg

🚨 [DEFCON 1] T-60m | SAT-040 Locked on Assassin Debris!
   ↳ Firing Thrusters: PHASING_PROGRADE | Est. Fuel: 0.011 kg
⏱️ Step 1080/1440 | 2026-03-29T22:27:12.000Z | Engine Latency: 71.6ms

🚨 [DEFCON 1] T-60m | SAT-028 Locked on Assassin Debris!
   ↳ Firing Thrusters: PHASING_PROGRADE | Est. Fuel: 0.011 kg
⏱️ Step 1110/1440 | 2026-03-29T22:57:12.000Z | Engine Latency: 101.3ms

🚨 [DEFCON 1] T-60m | SAT-016 Locked on Assassin Debris!
   ↳ Firing Thrusters: PHASING_PROGRADE | Est. Fuel: 0.011 kg

🚨 [DEFCON 1] T-60m | SAT-043 Locked on Assassin Debris!
   ↳ Firing Thrusters: PHASING_PROGRADE | Est. Fuel: 0.011 kg
⏱️ Step 1140/1440 | 2026-03-29T23:27:12.000Z | Engine Latency: 45.5ms

🚨 [DEFCON 1] T-60m | SAT-003 Locked on Assassin Debris!
   ↳ Firing Thrusters: PHASING_PROGRADE | Est. Fuel: 0.011 kg

🚨 [DEFCON 1] T-60m | SAT-012 Locked on Assassin Debris!
   ↳ Firing Thrusters: PHASING_PROGRADE | Est. Fuel: 0.011 kg
⏱️ Step 1170/1440 | 2026-03-29T23:57:12.000Z | Engine Latency: 111.7ms

🚨 [DEFCON 1] T-60m | SAT-001 Locked on Assassin Debris!
   ↳ Firing Thrusters: PHASING_PROGRADE | Est. Fuel: 0.011 kg

🚨 [DEFCON 1] T-60m | SAT-047 Locked on Assassin Debris!
   ↳ Firing Thrusters: PHASING_PROGRADE | Est. Fuel: 0.011 kg
⏱️ Step 1200/1440 | 2026-03-30T00:27:12.000Z | Engine Latency: 222.0ms

🚨 [DEFCON 1] T-60m | SAT-015 Locked on Assassin Debris!
   ↳ Firing Thrusters: PHASING_PROGRADE | Est. Fuel: 0.011 kg
 🔥 [TELEMETRY] Main Engine Burn confirmed on 1 satellites in orbit.

🚨 [DEFCON 1] T-60m | SAT-008 Locked on Assassin Debris!
   ↳ Firing Thrusters: PHASING_PROGRADE | Est. Fuel: 0.011 kg
⏱️ Step 1230/1440 | 2026-03-30T00:57:12.000Z | Engine Latency: 83.1ms

🚨 [DEFCON 1] T-60m | SAT-027 Locked on Assassin Debris!
   ↳ Firing Thrusters: PHASING_PROGRADE | Est. Fuel: 0.011 kg

📡 [RADAR] Active Evasion Drifts Detected at 01:12:12Z:
   ↳ SAT-015 | Current:   0.13 km | Max Peak:   0.13 km | Status: 🟢 Recovering

🚨 [DEFCON 1] T-60m | SAT-005 Locked on Assassin Debris!
   ↳ Firing Thrusters: PHASING_PROGRADE | Est. Fuel: 0.011 kg

📡 [RADAR] Active Evasion Drifts Detected at 01:17:12Z:
   ↳ SAT-015 | Current:   0.15 km | Max Peak:   0.15 km | Status: 🟢 Recovering

📡 [RADAR] Active Evasion Drifts Detected at 01:22:12Z:
   ↳ SAT-015 | Current:   0.18 km | Max Peak:   0.18 km | Status: 🟢 Recovering

📡 [RADAR] Active Evasion Drifts Detected at 01:27:12Z:
   ↳ SAT-015 | Current:   0.21 km | Max Peak:   0.21 km | Status: 🟢 Recovering
⏱️ Step 1260/1440 | 2026-03-30T01:27:12.000Z | Engine Latency: 64.8ms

📡 [RADAR] Active Evasion Drifts Detected at 01:32:12Z:
   ↳ SAT-015 | Current:   0.22 km | Max Peak:   0.22 km | Status: 🟢 Recovering

🚨 [DEFCON 1] T-60m | SAT-000 Locked on Assassin Debris!
   ↳ Firing Thrusters: PHASING_PROGRADE | Est. Fuel: 0.011 kg

📡 [RADAR] Active Evasion Drifts Detected at 01:37:12Z:
   ↳ SAT-015 | Current:   0.24 km | Max Peak:   0.24 km | Status: 🟢 Recovering

🚨 [DEFCON 1] T-60m | SAT-032 Locked on Assassin Debris!
   ↳ Firing Thrusters: PHASING_PROGRADE | Est. Fuel: 0.011 kg

📡 [RADAR] Active Evasion Drifts Detected at 01:42:12Z:
   ↳ SAT-015 | Current:   0.25 km | Max Peak:   0.25 km | Status: 🟢 Recovering

📡 [RADAR] Active Evasion Drifts Detected at 01:47:12Z:
   ↳ SAT-015 | Current:   0.25 km | Max Peak:   0.25 km | Status: 🟢 Recovering

📡 [RADAR] Active Evasion Drifts Detected at 01:52:12Z:
   ↳ SAT-015 | Current:   0.25 km | Max Peak:   0.25 km | Status: 🟢 Recovering

📡 [RADAR] Active Evasion Drifts Detected at 01:57:12Z:
   ↳ SAT-015 | Current:   0.25 km | Max Peak:   0.25 km | Status: 🟢 Recovering
⏱️ Step 1290/1440 | 2026-03-30T01:57:12.000Z | Engine Latency: 52.2ms
 🔥 [TELEMETRY] Main Engine Burn confirmed on 1 satellites in orbit.

📡 [RADAR] Active Evasion Drifts Detected at 02:02:12Z:
   ↳ SAT-015 | Current:   0.25 km | Max Peak:   0.25 km | Status: 🟢 Recovering

📡 [RADAR] Active Evasion Drifts Detected at 02:07:12Z:
   ↳ SAT-015 | Current:   0.25 km | Max Peak:   0.25 km | Status: 🟢 Recovering

📡 [RADAR] Active Evasion Drifts Detected at 02:12:12Z:
   ↳ SAT-015 | Current:   0.25 km | Max Peak:   0.25 km | Status: 🟢 Recovering

📡 [RADAR] Active Evasion Drifts Detected at 02:17:12Z:
   ↳ SAT-015 | Current:   0.25 km | Max Peak:   0.25 km | Status: 🟢 Recovering

📡 [RADAR] Active Evasion Drifts Detected at 02:22:12Z:
   ↳ SAT-015 | Current:   0.24 km | Max Peak:   0.25 km | Status: 🟢 Recovering

📡 [RADAR] Active Evasion Drifts Detected at 02:27:12Z:
   ↳ SAT-015 | Current:   0.22 km | Max Peak:   0.25 km | Status: 🟢 Recovering
⏱️ Step 1320/1440 | 2026-03-30T02:27:12.000Z | Engine Latency: 82.2ms

📡 [RADAR] Active Evasion Drifts Detected at 02:32:12Z:
   ↳ SAT-015 | Current:   0.20 km | Max Peak:   0.25 km | Status: 🟢 Recovering

📡 [RADAR] Active Evasion Drifts Detected at 02:37:12Z:
   ↳ SAT-015 | Current:   0.18 km | Max Peak:   0.25 km | Status: 🟢 Recovering

📡 [RADAR] Active Evasion Drifts Detected at 02:42:12Z:
   ↳ SAT-015 | Current:   0.15 km | Max Peak:   0.25 km | Status: 🟢 Recovering

📡 [RADAR] Active Evasion Drifts Detected at 02:47:12Z:
   ↳ SAT-015 | Current:   0.12 km | Max Peak:   0.25 km | Status: 🟢 Recovering
⏱️ Step 1350/1440 | 2026-03-30T02:57:12.000Z | Engine Latency: 35.3ms
⏱️ Step 1380/1440 | 2026-03-30T03:27:12.000Z | Engine Latency: 51.6ms
 🔥 [TELEMETRY] Main Engine Burn confirmed on 1 satellites in orbit.
⏱️ Step 1410/1440 | 2026-03-30T03:57:12.000Z | Engine Latency: 93.3ms

===================================
MISSION CONCLUDED - FINAL AUDIT REPORT
===================================
✅ Total Evasions Executed: 103
✅ Total Fuel Expended: 1.14 kg

📊 MAXIMUM DRIFT PEAKS (Top 15 Evaders):
   🚀 SAT-029:  0.2540 km max offset (Fuel used: 0.02 kg)
   🚀 SAT-007:  0.2533 km max offset (Fuel used: 0.02 kg)
   🚀 SAT-004:  0.2532 km max offset (Fuel used: 0.02 kg)
   🚀 SAT-008:  0.2532 km max offset (Fuel used: 0.04 kg)
   🚀 SAT-015:  0.2529 km max offset (Fuel used: 0.04 kg)
   🚀 SAT-049:  0.2528 km max offset (Fuel used: 0.02 kg)

[NOTE FOR JUDGES]: If you observed the frontend during this sequence, you saw specific red debris vectors intersect with satellite tracks, triggering the physical orbital deviations mapped in the report above.
